<?xml version="1.0" encoding="UTF-8"?>
<!-- Generated by org.testng.reporters.JUnitXMLReporter -->
<testsuite ignored="3" hostname="DESKTOP-DRB929D" failures="0" tests="3" name="Default test" time="24.964" errors="0" timestamp="2025-07-15T13:51:22 EET">
  <testcase classname="LogInPage.MyTestCases" name="Signup" time="12.025"/>
  <testcase classname="LogInPage.MyTestCases" name="Logout" time="3.479"/>
  <testcase classname="LogInPage.MyTestCases" name="Login" time="6.502"/>
  <testcase classname="LogInPage.MyTestCases" name="Availability" time="0.0">
    <ignored/>
  </testcase> <!-- Availability -->
  <testcase classname="LogInPage.MyTestCases" name="AddToCart1" time="0.0">
    <ignored/>
  </testcase> <!-- AddToCart1 -->
  <testcase classname="LogInPage.MyTestCases" name="AddToCart" time="0.0">
    <ignored/>
  </testcase> <!-- AddToCart -->
</testsuite> <!-- Default test -->
