<?xml version="1.0" encoding="UTF-8"?>
<!-- Generated by org.testng.reporters.JUnitXMLReporter -->
<testsuite ignored="2" hostname="DESKTOP-DRB929D" failures="0" tests="4" name="Default test" time="32.242" errors="0" timestamp="2025-07-15T14:09:34 EET">
  <testcase classname="LogInPage.MyTestCases" name="Signup" time="13.524"/>
  <testcase classname="LogInPage.MyTestCases" name="Logout" time="3.341"/>
  <testcase classname="LogInPage.MyTestCases" name="Login" time="3.793"/>
  <testcase classname="LogInPage.MyTestCases" name="AddToCart1" time="8.469"/>
  <testcase classname="LogInPage.MyTestCases" name="Availability" time="0.0">
    <ignored/>
  </testcase> <!-- Availability -->
  <testcase classname="LogInPage.MyTestCases" name="AddToCart" time="0.0">
    <ignored/>
  </testcase> <!-- AddToCart -->
</testsuite> <!-- Default test -->
