<?xml version="1.0" encoding="UTF-8"?>
<testng-results ignored="2" total="6" passed="4" failed="0" skipped="0">
  <reporter-output>
  </reporter-output>
  <suite started-at="2025-07-15T14:09:02 EET" name="Default suite" finished-at="2025-07-15T14:09:34 EET" duration-ms="32242">
    <groups>
    </groups>
    <test started-at="2025-07-15T14:09:02 EET" name="Default test" finished-at="2025-07-15T14:09:34 EET" duration-ms="32242">
      <class name="LogInPage.MyTestCases">
        <test-method is-config="true" signature="MySetUp()[pri:0, instance:LogInPage.MyTestCases@6b53bcc2]" started-at="2025-07-15T14:09:02 EET" name="MySetUp" finished-at="2025-07-15T14:09:05 EET" duration-ms="2979" status="PASS">
          <reporter-output>
          </reporter-output>
        </test-method> <!-- MySetUp -->
        <test-method signature="Signup()[pri:1, instance:LogInPage.MyTestCases@6b53bcc2]" started-at="2025-07-15T14:09:05 EET" name="Signup" finished-at="2025-07-15T14:09:18 EET" duration-ms="13524" status="PASS">
          <reporter-output>
          </reporter-output>
        </test-method> <!-- Signup -->
        <test-method signature="Logout()[pri:2, instance:LogInPage.MyTestCases@6b53bcc2]" started-at="2025-07-15T14:09:18 EET" name="Logout" finished-at="2025-07-15T14:09:22 EET" duration-ms="3341" status="PASS">
          <reporter-output>
          </reporter-output>
        </test-method> <!-- Logout -->
        <test-method signature="Login()[pri:3, instance:LogInPage.MyTestCases@6b53bcc2]" started-at="2025-07-15T14:09:22 EET" name="Login" finished-at="2025-07-15T14:09:25 EET" duration-ms="3793" status="PASS">
          <reporter-output>
          </reporter-output>
        </test-method> <!-- Login -->
        <test-method signature="AddToCart1()[pri:4, instance:LogInPage.MyTestCases@6b53bcc2]" started-at="2025-07-15T14:09:25 EET" name="AddToCart1" finished-at="2025-07-15T14:09:34 EET" duration-ms="8469" status="PASS">
          <reporter-output>
          </reporter-output>
        </test-method> <!-- AddToCart1 -->
      </class> <!-- LogInPage.MyTestCases -->
    </test> <!-- Default test -->
  </suite> <!-- Default suite -->
</testng-results>
