<?xml version="1.0" encoding="UTF-8"?>
<testng-results ignored="0" total="1" passed="1" failed="0" skipped="0">
  <reporter-output>
  </reporter-output>
  <suite started-at="2025-07-07T14:35:48 EET" name="Default suite" finished-at="2025-07-07T14:35:58 EET" duration-ms="10408">
    <groups>
    </groups>
    <test started-at="2025-07-07T14:35:48 EET" name="Default test" finished-at="2025-07-07T14:35:58 EET" duration-ms="10408">
      <class name="LogInPage.MyTestCases">
        <test-method is-config="true" signature="MySetUp()[pri:0, instance:LogInPage.MyTestCases@65fe9e33]" started-at="2025-07-07T14:35:48 EET" name="MySetUp" finished-at="2025-07-07T14:35:55 EET" duration-ms="6461" status="PASS">
          <reporter-output>
          </reporter-output>
        </test-method> <!-- MySetUp -->
        <test-method signature="Signup()[pri:1, instance:LogInPage.MyTestCases@65fe9e33]" started-at="2025-07-07T14:35:55 EET" name="Signup" finished-at="2025-07-07T14:35:58 EET" duration-ms="3844" status="PASS">
          <reporter-output>
          </reporter-output>
        </test-method> <!-- Signup -->
      </class> <!-- LogInPage.MyTestCases -->
    </test> <!-- Default test -->
  </suite> <!-- Default suite -->
</testng-results>
